app/build/intermediates/manifest_merge_blame_file/debug/manifest-merger-blame-debug-report.txt
1<?xml version="1.0" encoding="utf-8"?>
2<manifest xmlns:android="http://schemas.android.com/apk/res/android"
3    package="ro.upt.ac.chiuitter"
4    android:versionCode="1"
5    android:versionName="1.0" >
6
7    <uses-sdk
8        android:minSdkVersion="22"
9        android:targetSdkVersion="22" />
10
11    <!-- Although the *SdkVersion is captured in gradle build files, this is required for non gradle builds -->
12    <!-- <uses-sdk android:minSdkVersion="14"/> -->
13    <uses-permission android:name="android.permission.ACCESS_NETWORK_STATE" />
13-->[com.google.firebase:firebase-database:20.3.0] AndroidManifest.xml:22:5-79
13-->[com.google.firebase:firebase-database:20.3.0] AndroidManifest.xml:22:22-76
14    <uses-permission android:name="android.permission.INTERNET" />
14-->[com.google.firebase:firebase-database:20.3.0] AndroidManifest.xml:23:5-67
14-->[com.google.firebase:firebase-database:20.3.0] AndroidManifest.xml:23:22-64
15
16    <permission
16-->[androidx.core:core:1.10.0] AndroidManifest.xml:22:5-24:47
17        android:name="ro.upt.ac.chiuitter.DYNAMIC_RECEIVER_NOT_EXPORTED_PERMISSION"
17-->[androidx.core:core:1.10.0] AndroidManifest.xml:23:9-81
18        android:protectionLevel="signature" />
18-->[androidx.core:core:1.10.0] AndroidManifest.xml:24:9-44
19
20    <uses-permission android:name="ro.upt.ac.chiuitter.DYNAMIC_RECEIVER_NOT_EXPORTED_PERMISSION" />
20-->[androidx.core:core:1.10.0] AndroidManifest.xml:26:5-97
20-->[androidx.core:core:1.10.0] AndroidManifest.xml:26:22-94
21
22    <application
22-->src\main\AndroidManifest.xml:5:5-25:19
23        android:allowBackup="true"
23-->src\main\AndroidManifest.xml:6:9-35
24        android:appComponentFactory="androidx.core.app.CoreComponentFactory"
24-->[androidx.core:core:1.10.0] AndroidManifest.xml:28:18-86
25        android:debuggable="true"
26        android:extractNativeLibs="true"
27        android:icon="@mipmap/ic_launcher"
27-->src\main\AndroidManifest.xml:7:9-43
28        android:label="@string/app_name"
28-->src\main\AndroidManifest.xml:8:9-41
29        android:roundIcon="@mipmap/ic_launcher_round"
29-->src\main\AndroidManifest.xml:9:9-54
30        android:supportsRtl="true"
30-->src\main\AndroidManifest.xml:10:9-35
31        android:testOnly="true"
32        android:theme="@style/AppTheme" >
32-->src\main\AndroidManifest.xml:11:9-40
33        <activity android:name="ro.upt.ac.chiuitter.presentation.HomeActivity" >
33-->src\main\AndroidManifest.xml:14:9-19:20
33-->src\main\AndroidManifest.xml:14:19-60
34            <intent-filter>
34-->src\main\AndroidManifest.xml:15:13-18:29
35                <action android:name="android.intent.action.MAIN" />
35-->src\main\AndroidManifest.xml:16:17-69
35-->src\main\AndroidManifest.xml:16:25-66
36
37                <category android:name="android.intent.category.LAUNCHER" />
37-->src\main\AndroidManifest.xml:17:17-77
37-->src\main\AndroidManifest.xml:17:27-74
38            </intent-filter>
39        </activity>
40        <activity android:name="ro.upt.ac.chiuitter.presentation.ComposeActivity" >
40-->src\main\AndroidManifest.xml:21:9-23:20
40-->src\main\AndroidManifest.xml:21:19-63
41        </activity>
42
43        <service
43-->[com.google.firebase:firebase-database-ktx:20.3.0] AndroidManifest.xml:9:9-15:19
44            android:name="com.google.firebase.components.ComponentDiscoveryService"
44-->[com.google.firebase:firebase-database-ktx:20.3.0] AndroidManifest.xml:10:13-84
45            android:directBootAware="true"
45-->[com.google.firebase:firebase-common:20.4.2] AndroidManifest.xml:32:13-43
46            android:exported="false" >
46-->[com.google.firebase:firebase-database-ktx:20.3.0] AndroidManifest.xml:11:13-37
47            <meta-data
47-->[com.google.firebase:firebase-database-ktx:20.3.0] AndroidManifest.xml:12:13-14:85
48                android:name="com.google.firebase.components:com.google.firebase.database.ktx.FirebaseDatabaseLegacyRegistrar"
48-->[com.google.firebase:firebase-database-ktx:20.3.0] AndroidManifest.xml:13:17-127
49                android:value="com.google.firebase.components.ComponentRegistrar" />
49-->[com.google.firebase:firebase-database-ktx:20.3.0] AndroidManifest.xml:14:17-82
50            <meta-data
50-->[com.google.firebase:firebase-database:20.3.0] AndroidManifest.xml:29:13-31:85
51                android:name="com.google.firebase.components:com.google.firebase.database.FirebaseDatabaseKtxRegistrar"
51-->[com.google.firebase:firebase-database:20.3.0] AndroidManifest.xml:30:17-120
52                android:value="com.google.firebase.components.ComponentRegistrar" />
52-->[com.google.firebase:firebase-database:20.3.0] AndroidManifest.xml:31:17-82
53            <meta-data
53-->[com.google.firebase:firebase-database:20.3.0] AndroidManifest.xml:32:13-34:85
54                android:name="com.google.firebase.components:com.google.firebase.database.DatabaseRegistrar"
54-->[com.google.firebase:firebase-database:20.3.0] AndroidManifest.xml:33:17-109
55                android:value="com.google.firebase.components.ComponentRegistrar" />
55-->[com.google.firebase:firebase-database:20.3.0] AndroidManifest.xml:34:17-82
56            <meta-data
56-->[com.google.firebase:firebase-common-ktx:20.4.2] AndroidManifest.xml:12:13-14:85
57                android:name="com.google.firebase.components:com.google.firebase.ktx.FirebaseCommonLegacyRegistrar"
57-->[com.google.firebase:firebase-common-ktx:20.4.2] AndroidManifest.xml:13:17-116
58                android:value="com.google.firebase.components.ComponentRegistrar" />
58-->[com.google.firebase:firebase-common-ktx:20.4.2] AndroidManifest.xml:14:17-82
59            <meta-data
59-->[com.google.firebase:firebase-common:20.4.2] AndroidManifest.xml:35:13-37:85
60                android:name="com.google.firebase.components:com.google.firebase.FirebaseCommonKtxRegistrar"
60-->[com.google.firebase:firebase-common:20.4.2] AndroidManifest.xml:36:17-109
61                android:value="com.google.firebase.components.ComponentRegistrar" />
61-->[com.google.firebase:firebase-common:20.4.2] AndroidManifest.xml:37:17-82
62        </service>
63        <service
63-->[androidx.room:room-runtime:2.6.0] AndroidManifest.xml:24:9-28:63
64            android:name="androidx.room.MultiInstanceInvalidationService"
64-->[androidx.room:room-runtime:2.6.0] AndroidManifest.xml:25:13-74
65            android:directBootAware="true"
65-->[androidx.room:room-runtime:2.6.0] AndroidManifest.xml:26:13-43
66            android:exported="false" />
66-->[androidx.room:room-runtime:2.6.0] AndroidManifest.xml:27:13-37
67
68        <provider
68-->[com.google.firebase:firebase-common:20.4.2] AndroidManifest.xml:23:9-28:39
69            android:name="com.google.firebase.provider.FirebaseInitProvider"
69-->[com.google.firebase:firebase-common:20.4.2] AndroidManifest.xml:24:13-77
70            android:authorities="ro.upt.ac.chiuitter.firebaseinitprovider"
70-->[com.google.firebase:firebase-common:20.4.2] AndroidManifest.xml:25:13-72
71            android:directBootAware="true"
71-->[com.google.firebase:firebase-common:20.4.2] AndroidManifest.xml:26:13-43
72            android:exported="false"
72-->[com.google.firebase:firebase-common:20.4.2] AndroidManifest.xml:27:13-37
73            android:initOrder="100" />
73-->[com.google.firebase:firebase-common:20.4.2] AndroidManifest.xml:28:13-36
74
75        <activity
75-->[com.google.android.gms:play-services-base:18.1.0] AndroidManifest.xml:20:9-22:45
76            android:name="com.google.android.gms.common.api.GoogleApiActivity"
76-->[com.google.android.gms:play-services-base:18.1.0] AndroidManifest.xml:20:19-85
77            android:exported="false"
77-->[com.google.android.gms:play-services-base:18.1.0] AndroidManifest.xml:22:19-43
78            android:theme="@android:style/Theme.Translucent.NoTitleBar" />
78-->[com.google.android.gms:play-services-base:18.1.0] AndroidManifest.xml:21:19-78
79        <activity
79-->[androidx.compose.ui:ui-tooling-android:1.5.3] AndroidManifest.xml:23:9-25:39
80            android:name="androidx.compose.ui.tooling.PreviewActivity"
80-->[androidx.compose.ui:ui-tooling-android:1.5.3] AndroidManifest.xml:24:13-71
81            android:exported="true" />
81-->[androidx.compose.ui:ui-tooling-android:1.5.3] AndroidManifest.xml:25:13-36
82
83        <meta-data
83-->[com.google.android.gms:play-services-basement:18.1.0] AndroidManifest.xml:21:9-23:69
84            android:name="com.google.android.gms.version"
84-->[com.google.android.gms:play-services-basement:18.1.0] AndroidManifest.xml:22:13-58
85            android:value="@integer/google_play_services_version" />
85-->[com.google.android.gms:play-services-basement:18.1.0] AndroidManifest.xml:23:13-66
86
87        <provider
87-->[androidx.emoji2:emoji2:1.4.0] AndroidManifest.xml:24:9-32:20
88            android:name="androidx.startup.InitializationProvider"
88-->[androidx.emoji2:emoji2:1.4.0] AndroidManifest.xml:25:13-67
89            android:authorities="ro.upt.ac.chiuitter.androidx-startup"
89-->[androidx.emoji2:emoji2:1.4.0] AndroidManifest.xml:26:13-68
90            android:exported="false" >
90-->[androidx.emoji2:emoji2:1.4.0] AndroidManifest.xml:27:13-37
91            <meta-data
91-->[androidx.emoji2:emoji2:1.4.0] AndroidManifest.xml:29:13-31:52
92                android:name="androidx.emoji2.text.EmojiCompatInitializer"
92-->[androidx.emoji2:emoji2:1.4.0] AndroidManifest.xml:30:17-75
93                android:value="androidx.startup" />
93-->[androidx.emoji2:emoji2:1.4.0] AndroidManifest.xml:31:17-49
94            <meta-data
94-->[androidx.lifecycle:lifecycle-process:2.6.1] AndroidManifest.xml:29:13-31:52
95                android:name="androidx.lifecycle.ProcessLifecycleInitializer"
95-->[androidx.lifecycle:lifecycle-process:2.6.1] AndroidManifest.xml:30:17-78
96                android:value="androidx.startup" />
96-->[androidx.lifecycle:lifecycle-process:2.6.1] AndroidManifest.xml:31:17-49
97            <meta-data
97-->[androidx.profileinstaller:profileinstaller:1.3.0] AndroidManifest.xml:29:13-31:52
98                android:name="androidx.profileinstaller.ProfileInstallerInitializer"
98-->[androidx.profileinstaller:profileinstaller:1.3.0] AndroidManifest.xml:30:17-85
99                android:value="androidx.startup" />
99-->[androidx.profileinstaller:profileinstaller:1.3.0] AndroidManifest.xml:31:17-49
100        </provider>
101
102        <receiver
102-->[androidx.profileinstaller:profileinstaller:1.3.0] AndroidManifest.xml:34:9-52:20
103            android:name="androidx.profileinstaller.ProfileInstallReceiver"
103-->[androidx.profileinstaller:profileinstaller:1.3.0] AndroidManifest.xml:35:13-76
104            android:directBootAware="false"
104-->[androidx.profileinstaller:profileinstaller:1.3.0] AndroidManifest.xml:36:13-44
105            android:enabled="true"
105-->[androidx.profileinstaller:profileinstaller:1.3.0] AndroidManifest.xml:37:13-35
106            android:exported="true"
106-->[androidx.profileinstaller:profileinstaller:1.3.0] AndroidManifest.xml:38:13-36
107            android:permission="android.permission.DUMP" >
107-->[androidx.profileinstaller:profileinstaller:1.3.0] AndroidManifest.xml:39:13-57
108            <intent-filter>
108-->[androidx.profileinstaller:profileinstaller:1.3.0] AndroidManifest.xml:40:13-42:29
109                <action android:name="androidx.profileinstaller.action.INSTALL_PROFILE" />
109-->[androidx.profileinstaller:profileinstaller:1.3.0] AndroidManifest.xml:41:17-91
109-->[androidx.profileinstaller:profileinstaller:1.3.0] AndroidManifest.xml:41:25-88
110            </intent-filter>
111            <intent-filter>
111-->[androidx.profileinstaller:profileinstaller:1.3.0] AndroidManifest.xml:43:13-45:29
112                <action android:name="androidx.profileinstaller.action.SKIP_FILE" />
112-->[androidx.profileinstaller:profileinstaller:1.3.0] AndroidManifest.xml:44:17-85
112-->[androidx.profileinstaller:profileinstaller:1.3.0] AndroidManifest.xml:44:25-82
113            </intent-filter>
114            <intent-filter>
114-->[androidx.profileinstaller:profileinstaller:1.3.0] AndroidManifest.xml:46:13-48:29
115                <action android:name="androidx.profileinstaller.action.SAVE_PROFILE" />
115-->[androidx.profileinstaller:profileinstaller:1.3.0] AndroidManifest.xml:47:17-88
115-->[androidx.profileinstaller:profileinstaller:1.3.0] AndroidManifest.xml:47:25-85
116            </intent-filter>
117            <intent-filter>
117-->[androidx.profileinstaller:profileinstaller:1.3.0] AndroidManifest.xml:49:13-51:29
118                <action android:name="androidx.profileinstaller.action.BENCHMARK_OPERATION" />
118-->[androidx.profileinstaller:profileinstaller:1.3.0] AndroidManifest.xml:50:17-95
118-->[androidx.profileinstaller:profileinstaller:1.3.0] AndroidManifest.xml:50:25-92
119            </intent-filter>
120        </receiver>
121    </application>
122
123</manifest>